{"name": "test_1", "status": "broken", "statusDetails": {"message": "selenium.common.exceptions.ElementNotVisibleException: Message: \n Expected text {Algorithms} for {div#ctitle} was not visible after 3 seconds!", "trace": "self = <test_suite.MyTestSuite testMethod=test_1>\n\n    def test_1(self):\n        self.open(\"https://xkcd.com/1663/\")\n        self.assert_text(\"Garden\", \"div#ctitle\", timeout=3)\n        for p in range(4):\n            self.click('a[rel=\"next\"]')\n>           self.assert_text(\"Algorithms\", \"div#ctitle\", timeout=3)\n\ntest_suite.py:14: \n_ _ _ _ _ _ _ _ _ _ _ _ _ _ _ _ _ _ _ _ _ _ _ _ _ _ _ _ _ _ _ _ _ _ _ _ _ _ _ _ _ _ _ _ _ _ _ _ _ _ _ _ _ _ _ _ _ _ _ _ _ _ _ _ _ _ _ _ _ _ _ _ _ _ _ _ _ _ _ _ _ _ _ _ _ _ _ _ _ _ _ _ _ _ _ _ _ _ _ _ _ _ _ _ \nc:\\users\\covid19\\appdata\\local\\programs\\python\\python37\\lib\\site-packages\\seleniumbase\\fixtures\\base_case.py:4858: in assert_text\n    self.wait_for_text_visible(text, selector, by=by, timeout=timeout)\nc:\\users\\covid19\\appdata\\local\\programs\\python\\python37\\lib\\site-packages\\seleniumbase\\fixtures\\base_case.py:4807: in wait_for_text_visible\n    self.driver, text, selector, by, timeout)\nc:\\users\\covid19\\appdata\\local\\programs\\python\\python37\\lib\\site-packages\\seleniumbase\\fixtures\\page_actions.py:364: in wait_for_text_visible\n    timeout_exception(ElementNotVisibleException, message)\n_ _ _ _ _ _ _ _ _ _ _ _ _ _ _ _ _ _ _ _ _ _ _ _ _ _ _ _ _ _ _ _ _ _ _ _ _ _ _ _ _ _ _ _ _ _ _ _ _ _ _ _ _ _ _ _ _ _ _ _ _ _ _ _ _ _ _ _ _ _ _ _ _ _ _ _ _ _ _ _ _ _ _ _ _ _ _ _ _ _ _ _ _ _ _ _ _ _ _ _ _ _ _ _ \n\nexception = <class 'selenium.common.exceptions.ElementNotVisibleException'>, message = '\\n Expected text {Algorithms} for {div#ctitle} was not visible after 3 seconds!'\n\n    def timeout_exception(exception, message):\n        exc, message = s_utils.format_exc(exception, message)\n>       raise exc(message)\nE       selenium.common.exceptions.ElementNotVisibleException: Message: \nE        Expected text {Algorithms} for {div#ctitle} was not visible after 3 seconds!\n\nc:\\users\\covid19\\appdata\\local\\programs\\python\\python37\\lib\\site-packages\\seleniumbase\\fixtures\\page_actions.py:117: ElementNotVisibleException"}, "start": 1596662662982, "stop": 1596662676673, "uuid": "9d41294a-c5c0-4c1d-9466-3a448560690b", "historyId": "ed9deb1a1f8553ff6a897567a3bd7bab", "testCaseId": "91ce6a68857077e8632ed1f6384af0b8", "fullName": "test_suite.MyTestSuite#test_1", "labels": [{"name": "suite", "value": "test_suite"}, {"name": "subSuite", "value": "MyTestSuite"}, {"name": "host", "value": "CAL4PFMXT2"}, {"name": "thread", "value": "19220-MainThread"}, {"name": "framework", "value": "pytest"}, {"name": "language", "value": "cpython3"}, {"name": "package", "value": "test_suite"}]}